#! /usr/bin/vvp
:ivl_version "12.0 (stable)";
:ivl_delay_selection "TYPICAL";
:vpi_time_precision + 0;
:vpi_module "/usr/lib/x86_64-linux-gnu/ivl/system.vpi";
:vpi_module "/usr/lib/x86_64-linux-gnu/ivl/vhdl_sys.vpi";
:vpi_module "/usr/lib/x86_64-linux-gnu/ivl/vhdl_textio.vpi";
:vpi_module "/usr/lib/x86_64-linux-gnu/ivl/v2005_math.vpi";
:vpi_module "/usr/lib/x86_64-linux-gnu/ivl/va_math.vpi";
S_0x5c860f6dc7a0 .scope module, "testgtob" "testgtob" 2 1;
 .timescale 0 0;
v0x5c860f6fa7d0_0 .net "b0", 0 0, L_0x5c860f6fb170;  1 drivers
v0x5c860f6fa890_0 .net "b1", 0 0, L_0x5c860f6fb060;  1 drivers
v0x5c860f6fa960_0 .net "b2", 0 0, L_0x5c860f6faf50;  1 drivers
v0x5c860f6faa60_0 .net "b3", 0 0, L_0x5c860f6fae40;  1 drivers
v0x5c860f6fab30_0 .var "g0", 0 0;
v0x5c860f6fabd0_0 .var "g1", 0 0;
v0x5c860f6faca0_0 .var "g2", 0 0;
v0x5c860f6fad70_0 .var "g3", 0 0;
S_0x5c860f6dc930 .scope module, "uut" "gtob" 2 4, 3 1 0, S_0x5c860f6dc7a0;
 .timescale 0 0;
    .port_info 0 /INPUT 1 "g3";
    .port_info 1 /INPUT 1 "g2";
    .port_info 2 /INPUT 1 "g1";
    .port_info 3 /INPUT 1 "g0";
    .port_info 4 /OUTPUT 1 "b0";
    .port_info 5 /OUTPUT 1 "b1";
    .port_info 6 /OUTPUT 1 "b2";
    .port_info 7 /OUTPUT 1 "b3";
L_0x5c860f6fae40 .functor BUFZ 1, v0x5c860f6fad70_0, C4<0>, C4<0>, C4<0>;
L_0x5c860f6faf50 .functor XOR 1, v0x5c860f6faca0_0, L_0x5c860f6fae40, C4<0>, C4<0>;
L_0x5c860f6fb060 .functor XOR 1, L_0x5c860f6faf50, v0x5c860f6fabd0_0, C4<0>, C4<0>;
L_0x5c860f6fb170 .functor XOR 1, L_0x5c860f6fb060, v0x5c860f6fab30_0, C4<0>, C4<0>;
v0x5c860f6a2490_0 .net "b0", 0 0, L_0x5c860f6fb170;  alias, 1 drivers
v0x5c860f6fa110_0 .net "b1", 0 0, L_0x5c860f6fb060;  alias, 1 drivers
v0x5c860f6fa1d0_0 .net "b2", 0 0, L_0x5c860f6faf50;  alias, 1 drivers
v0x5c860f6fa270_0 .net "b3", 0 0, L_0x5c860f6fae40;  alias, 1 drivers
v0x5c860f6fa330_0 .net "g0", 0 0, v0x5c860f6fab30_0;  1 drivers
v0x5c860f6fa440_0 .net "g1", 0 0, v0x5c860f6fabd0_0;  1 drivers
v0x5c860f6fa500_0 .net "g2", 0 0, v0x5c860f6faca0_0;  1 drivers
v0x5c860f6fa5c0_0 .net "g3", 0 0, v0x5c860f6fad70_0;  1 drivers
    .scope S_0x5c860f6dc7a0;
T_0 ;
    %vpi_call 2 6 "$dumpfile", "gtob.vcd" {0 0 0};
    %vpi_call 2 7 "$dumpvars" {0 0 0};
    %pushi/vec4 0, 0, 1;
    %store/vec4 v0x5c860f6fad70_0, 0, 1;
    %pushi/vec4 0, 0, 1;
    %store/vec4 v0x5c860f6faca0_0, 0, 1;
    %pushi/vec4 0, 0, 1;
    %store/vec4 v0x5c860f6fabd0_0, 0, 1;
    %pushi/vec4 0, 0, 1;
    %store/vec4 v0x5c860f6fab30_0, 0, 1;
    %delay 10, 0;
    %pushi/vec4 0, 0, 1;
    %store/vec4 v0x5c860f6fad70_0, 0, 1;
    %pushi/vec4 0, 0, 1;
    %store/vec4 v0x5c860f6faca0_0, 0, 1;
    %pushi/vec4 0, 0, 1;
    %store/vec4 v0x5c860f6fabd0_0, 0, 1;
    %pushi/vec4 1, 0, 1;
    %store/vec4 v0x5c860f6fab30_0, 0, 1;
    %delay 10, 0;
    %pushi/vec4 0, 0, 1;
    %store/vec4 v0x5c860f6fad70_0, 0, 1;
    %pushi/vec4 0, 0, 1;
    %store/vec4 v0x5c860f6faca0_0, 0, 1;
    %pushi/vec4 1, 0, 1;
    %store/vec4 v0x5c860f6fabd0_0, 0, 1;
    %pushi/vec4 0, 0, 1;
    %store/vec4 v0x5c860f6fab30_0, 0, 1;
    %delay 10, 0;
    %pushi/vec4 0, 0, 1;
    %store/vec4 v0x5c860f6fad70_0, 0, 1;
    %pushi/vec4 0, 0, 1;
    %store/vec4 v0x5c860f6faca0_0, 0, 1;
    %pushi/vec4 1, 0, 1;
    %store/vec4 v0x5c860f6fabd0_0, 0, 1;
    %pushi/vec4 1, 0, 1;
    %store/vec4 v0x5c860f6fab30_0, 0, 1;
    %delay 10, 0;
    %pushi/vec4 0, 0, 1;
    %store/vec4 v0x5c860f6fad70_0, 0, 1;
    %pushi/vec4 1, 0, 1;
    %store/vec4 v0x5c860f6faca0_0, 0, 1;
    %pushi/vec4 0, 0, 1;
    %store/vec4 v0x5c860f6fabd0_0, 0, 1;
    %pushi/vec4 0, 0, 1;
    %store/vec4 v0x5c860f6fab30_0, 0, 1;
    %delay 10, 0;
    %pushi/vec4 0, 0, 1;
    %store/vec4 v0x5c860f6fad70_0, 0, 1;
    %pushi/vec4 1, 0, 1;
    %store/vec4 v0x5c860f6faca0_0, 0, 1;
    %pushi/vec4 0, 0, 1;
    %store/vec4 v0x5c860f6fabd0_0, 0, 1;
    %pushi/vec4 1, 0, 1;
    %store/vec4 v0x5c860f6fab30_0, 0, 1;
    %delay 10, 0;
    %pushi/vec4 0, 0, 1;
    %store/vec4 v0x5c860f6fad70_0, 0, 1;
    %pushi/vec4 1, 0, 1;
    %store/vec4 v0x5c860f6faca0_0, 0, 1;
    %pushi/vec4 1, 0, 1;
    %store/vec4 v0x5c860f6fabd0_0, 0, 1;
    %pushi/vec4 0, 0, 1;
    %store/vec4 v0x5c860f6fab30_0, 0, 1;
    %delay 10, 0;
    %pushi/vec4 0, 0, 1;
    %store/vec4 v0x5c860f6fad70_0, 0, 1;
    %pushi/vec4 1, 0, 1;
    %store/vec4 v0x5c860f6faca0_0, 0, 1;
    %pushi/vec4 1, 0, 1;
    %store/vec4 v0x5c860f6fabd0_0, 0, 1;
    %pushi/vec4 1, 0, 1;
    %store/vec4 v0x5c860f6fab30_0, 0, 1;
    %delay 10, 0;
    %pushi/vec4 1, 0, 1;
    %store/vec4 v0x5c860f6fad70_0, 0, 1;
    %pushi/vec4 0, 0, 1;
    %store/vec4 v0x5c860f6faca0_0, 0, 1;
    %pushi/vec4 0, 0, 1;
    %store/vec4 v0x5c860f6fabd0_0, 0, 1;
    %pushi/vec4 0, 0, 1;
    %store/vec4 v0x5c860f6fab30_0, 0, 1;
    %delay 10, 0;
    %pushi/vec4 1, 0, 1;
    %store/vec4 v0x5c860f6fad70_0, 0, 1;
    %pushi/vec4 0, 0, 1;
    %store/vec4 v0x5c860f6faca0_0, 0, 1;
    %pushi/vec4 0, 0, 1;
    %store/vec4 v0x5c860f6fabd0_0, 0, 1;
    %pushi/vec4 1, 0, 1;
    %store/vec4 v0x5c860f6fab30_0, 0, 1;
    %delay 10, 0;
    %pushi/vec4 1, 0, 1;
    %store/vec4 v0x5c860f6fad70_0, 0, 1;
    %pushi/vec4 0, 0, 1;
    %store/vec4 v0x5c860f6faca0_0, 0, 1;
    %pushi/vec4 1, 0, 1;
    %store/vec4 v0x5c860f6fabd0_0, 0, 1;
    %pushi/vec4 0, 0, 1;
    %store/vec4 v0x5c860f6fab30_0, 0, 1;
    %delay 10, 0;
    %pushi/vec4 1, 0, 1;
    %store/vec4 v0x5c860f6fad70_0, 0, 1;
    %pushi/vec4 0, 0, 1;
    %store/vec4 v0x5c860f6faca0_0, 0, 1;
    %pushi/vec4 1, 0, 1;
    %store/vec4 v0x5c860f6fabd0_0, 0, 1;
    %pushi/vec4 1, 0, 1;
    %store/vec4 v0x5c860f6fab30_0, 0, 1;
    %delay 10, 0;
    %pushi/vec4 1, 0, 1;
    %store/vec4 v0x5c860f6fad70_0, 0, 1;
    %pushi/vec4 1, 0, 1;
    %store/vec4 v0x5c860f6faca0_0, 0, 1;
    %pushi/vec4 0, 0, 1;
    %store/vec4 v0x5c860f6fabd0_0, 0, 1;
    %pushi/vec4 0, 0, 1;
    %store/vec4 v0x5c860f6fab30_0, 0, 1;
    %delay 10, 0;
    %pushi/vec4 1, 0, 1;
    %store/vec4 v0x5c860f6fad70_0, 0, 1;
    %pushi/vec4 1, 0, 1;
    %store/vec4 v0x5c860f6faca0_0, 0, 1;
    %pushi/vec4 0, 0, 1;
    %store/vec4 v0x5c860f6fabd0_0, 0, 1;
    %pushi/vec4 1, 0, 1;
    %store/vec4 v0x5c860f6fab30_0, 0, 1;
    %delay 10, 0;
    %pushi/vec4 1, 0, 1;
    %store/vec4 v0x5c860f6fad70_0, 0, 1;
    %pushi/vec4 1, 0, 1;
    %store/vec4 v0x5c860f6faca0_0, 0, 1;
    %pushi/vec4 1, 0, 1;
    %store/vec4 v0x5c860f6fabd0_0, 0, 1;
    %pushi/vec4 0, 0, 1;
    %store/vec4 v0x5c860f6fab30_0, 0, 1;
    %delay 10, 0;
    %pushi/vec4 1, 0, 1;
    %store/vec4 v0x5c860f6fad70_0, 0, 1;
    %pushi/vec4 1, 0, 1;
    %store/vec4 v0x5c860f6faca0_0, 0, 1;
    %pushi/vec4 1, 0, 1;
    %store/vec4 v0x5c860f6fabd0_0, 0, 1;
    %pushi/vec4 1, 0, 1;
    %store/vec4 v0x5c860f6fab30_0, 0, 1;
    %delay 10, 0;
    %vpi_call 2 24 "$finish" {0 0 0};
    %end;
    .thread T_0;
# The file index is used to find the file name in the following table.
:file_names 4;
    "N/A";
    "<interactive>";
    "testgtob.v";
    "gtob.v";
