#! /usr/bin/vvp
:ivl_version "11.0 (stable)";
:ivl_delay_selection "TYPICAL";
:vpi_time_precision + 0;
:vpi_module "/usr/lib/x86_64-linux-gnu/ivl/system.vpi";
:vpi_module "/usr/lib/x86_64-linux-gnu/ivl/vhdl_sys.vpi";
:vpi_module "/usr/lib/x86_64-linux-gnu/ivl/vhdl_textio.vpi";
:vpi_module "/usr/lib/x86_64-linux-gnu/ivl/v2005_math.vpi";
:vpi_module "/usr/lib/x86_64-linux-gnu/ivl/va_math.vpi";
S_0x55847c3f3ef0 .scope module, "testbencha1" "testbencha1" 2 1;
 .timescale 0 0;
v0x55847c409530_0 .var "A", 0 0;
v0x55847c4095f0_0 .var "B", 0 0;
v0x55847c4096c0_0 .net "Carry", 0 0, v0x55847c4091f0_0;  1 drivers
v0x55847c4097c0_0 .var "Cin", 0 0;
v0x55847c409890_0 .net "Sum", 0 0, v0x55847c409380_0;  1 drivers
S_0x55847c3f4080 .scope module, "uut" "fulladder" 2 4, 3 1 0, S_0x55847c3f3ef0;
 .timescale 0 0;
    .port_info 0 /OUTPUT 1 "Sum";
    .port_info 1 /OUTPUT 1 "Carry";
    .port_info 2 /INPUT 1 "A";
    .port_info 3 /INPUT 1 "B";
    .port_info 4 /INPUT 1 "Cin";
v0x55847c3b9cf0_0 .net "A", 0 0, v0x55847c409530_0;  1 drivers
v0x55847c409130_0 .net "B", 0 0, v0x55847c4095f0_0;  1 drivers
v0x55847c4091f0_0 .var "Carry", 0 0;
v0x55847c4092c0_0 .net "Cin", 0 0, v0x55847c4097c0_0;  1 drivers
v0x55847c409380_0 .var "Sum", 0 0;
E_0x55847c3f2db0 .event edge, v0x55847c4092c0_0, v0x55847c409130_0, v0x55847c3b9cf0_0;
    .scope S_0x55847c3f4080;
T_0 ;
    %wait E_0x55847c3f2db0;
    %load/vec4 v0x55847c3b9cf0_0;
    %load/vec4 v0x55847c409130_0;
    %xor;
    %load/vec4 v0x55847c4092c0_0;
    %xor;
    %store/vec4 v0x55847c409380_0, 0, 1;
    %load/vec4 v0x55847c3b9cf0_0;
    %load/vec4 v0x55847c409130_0;
    %and;
    %load/vec4 v0x55847c3b9cf0_0;
    %load/vec4 v0x55847c4092c0_0;
    %and;
    %or;
    %load/vec4 v0x55847c409130_0;
    %load/vec4 v0x55847c4092c0_0;
    %and;
    %or;
    %store/vec4 v0x55847c4091f0_0, 0, 1;
    %jmp T_0;
    .thread T_0, $push;
    .scope S_0x55847c3f3ef0;
T_1 ;
    %vpi_call 2 6 "$dumpfile", "fulladder.vcd" {0 0 0};
    %vpi_call 2 7 "$dumpvars" {0 0 0};
    %pushi/vec4 0, 0, 1;
    %store/vec4 v0x55847c409530_0, 0, 1;
    %pushi/vec4 0, 0, 1;
    %store/vec4 v0x55847c4095f0_0, 0, 1;
    %pushi/vec4 0, 0, 1;
    %store/vec4 v0x55847c4097c0_0, 0, 1;
    %delay 10, 0;
    %pushi/vec4 0, 0, 1;
    %store/vec4 v0x55847c409530_0, 0, 1;
    %pushi/vec4 0, 0, 1;
    %store/vec4 v0x55847c4095f0_0, 0, 1;
    %pushi/vec4 1, 0, 1;
    %store/vec4 v0x55847c4097c0_0, 0, 1;
    %delay 10, 0;
    %pushi/vec4 0, 0, 1;
    %store/vec4 v0x55847c409530_0, 0, 1;
    %pushi/vec4 1, 0, 1;
    %store/vec4 v0x55847c4095f0_0, 0, 1;
    %pushi/vec4 0, 0, 1;
    %store/vec4 v0x55847c4097c0_0, 0, 1;
    %delay 10, 0;
    %pushi/vec4 0, 0, 1;
    %store/vec4 v0x55847c409530_0, 0, 1;
    %pushi/vec4 1, 0, 1;
    %store/vec4 v0x55847c4095f0_0, 0, 1;
    %pushi/vec4 1, 0, 1;
    %store/vec4 v0x55847c4097c0_0, 0, 1;
    %delay 10, 0;
    %pushi/vec4 1, 0, 1;
    %store/vec4 v0x55847c409530_0, 0, 1;
    %pushi/vec4 0, 0, 1;
    %store/vec4 v0x55847c4095f0_0, 0, 1;
    %pushi/vec4 0, 0, 1;
    %store/vec4 v0x55847c4097c0_0, 0, 1;
    %delay 10, 0;
    %pushi/vec4 1, 0, 1;
    %store/vec4 v0x55847c409530_0, 0, 1;
    %pushi/vec4 0, 0, 1;
    %store/vec4 v0x55847c4095f0_0, 0, 1;
    %pushi/vec4 1, 0, 1;
    %store/vec4 v0x55847c4097c0_0, 0, 1;
    %delay 10, 0;
    %pushi/vec4 1, 0, 1;
    %store/vec4 v0x55847c409530_0, 0, 1;
    %pushi/vec4 1, 0, 1;
    %store/vec4 v0x55847c4095f0_0, 0, 1;
    %pushi/vec4 0, 0, 1;
    %store/vec4 v0x55847c4097c0_0, 0, 1;
    %delay 10, 0;
    %pushi/vec4 1, 0, 1;
    %store/vec4 v0x55847c409530_0, 0, 1;
    %pushi/vec4 1, 0, 1;
    %store/vec4 v0x55847c4095f0_0, 0, 1;
    %pushi/vec4 1, 0, 1;
    %store/vec4 v0x55847c4097c0_0, 0, 1;
    %delay 10, 0;
    %vpi_call 2 40 "$finish" {0 0 0};
    %end;
    .thread T_1;
# The file index is used to find the file name in the following table.
:file_names 4;
    "N/A";
    "<interactive>";
    "testbencha1.v";
    "fulladder.v";
