#! /usr/bin/vvp
:ivl_version "11.0 (stable)";
:ivl_delay_selection "TYPICAL";
:vpi_time_precision + 0;
:vpi_module "/usr/lib/x86_64-linux-gnu/ivl/system.vpi";
:vpi_module "/usr/lib/x86_64-linux-gnu/ivl/vhdl_sys.vpi";
:vpi_module "/usr/lib/x86_64-linux-gnu/ivl/vhdl_textio.vpi";
:vpi_module "/usr/lib/x86_64-linux-gnu/ivl/v2005_math.vpi";
:vpi_module "/usr/lib/x86_64-linux-gnu/ivl/va_math.vpi";
S_0x55903c4b4d20 .scope module, "fullsubtractor" "fullsubtractor" 2 1;
 .timescale 0 0;
    .port_info 0 /OUTPUT 1 "Difference";
    .port_info 1 /OUTPUT 1 "Borrow";
    .port_info 2 /INPUT 1 "A";
    .port_info 3 /INPUT 1 "B";
    .port_info 4 /INPUT 1 "Cin";
o0x7f92a1a3e018 .functor BUFZ 1, C4<z>; HiZ drive
v0x55903c4b4ed0_0 .net "A", 0 0, o0x7f92a1a3e018;  0 drivers
o0x7f92a1a3e048 .functor BUFZ 1, C4<z>; HiZ drive
v0x55903c4fc960_0 .net "B", 0 0, o0x7f92a1a3e048;  0 drivers
v0x55903c4fca20_0 .var "Borrow", 0 0;
o0x7f92a1a3e0a8 .functor BUFZ 1, C4<z>; HiZ drive
v0x55903c4fcaf0_0 .net "Cin", 0 0, o0x7f92a1a3e0a8;  0 drivers
v0x55903c4fcbb0_0 .var "Difference", 0 0;
E_0x55903c4b58d0 .event edge, v0x55903c4fcaf0_0, v0x55903c4fc960_0, v0x55903c4b4ed0_0;
    .scope S_0x55903c4b4d20;
T_0 ;
    %wait E_0x55903c4b58d0;
    %load/vec4 v0x55903c4b4ed0_0;
    %load/vec4 v0x55903c4fc960_0;
    %xor;
    %load/vec4 v0x55903c4fcaf0_0;
    %xor;
    %store/vec4 v0x55903c4fcbb0_0, 0, 1;
    %load/vec4 v0x55903c4fcaf0_0;
    %load/vec4 v0x55903c4b4ed0_0;
    %load/vec4 v0x55903c4fc960_0;
    %xor;
    %inv;
    %and;
    %load/vec4 v0x55903c4b4ed0_0;
    %inv;
    %load/vec4 v0x55903c4fc960_0;
    %and;
    %or;
    %store/vec4 v0x55903c4fca20_0, 0, 1;
    %jmp T_0;
    .thread T_0, $push;
# The file index is used to find the file name in the following table.
:file_names 3;
    "N/A";
    "<interactive>";
    "fullsubtractor.v";
