#! /usr/bin/vvp
:ivl_version "11.0 (stable)";
:ivl_delay_selection "TYPICAL";
:vpi_time_precision + 0;
:vpi_module "/usr/lib/x86_64-linux-gnu/ivl/system.vpi";
:vpi_module "/usr/lib/x86_64-linux-gnu/ivl/vhdl_sys.vpi";
:vpi_module "/usr/lib/x86_64-linux-gnu/ivl/vhdl_textio.vpi";
:vpi_module "/usr/lib/x86_64-linux-gnu/ivl/v2005_math.vpi";
:vpi_module "/usr/lib/x86_64-linux-gnu/ivl/va_math.vpi";
S_0x5591a66d6770 .scope module, "testbench" "testbench" 2 1;
 .timescale 0 0;
v0x5591a66ec380_0 .var "i0", 0 0;
v0x5591a66ec440_0 .var "i1", 0 0;
v0x5591a66ec510_0 .var "i2", 0 0;
v0x5591a66ec610_0 .var "i3", 0 0;
v0x5591a66ec6e0_0 .var "s0", 0 0;
v0x5591a66ec7d0_0 .var "s1", 0 0;
v0x5591a66ec8a0_0 .net "y", 0 0, v0x5591a66ec1e0_0;  1 drivers
S_0x5591a66d6900 .scope module, "uut" "mux" 2 4, 3 1 0, S_0x5591a66d6770;
 .timescale 0 0;
    .port_info 0 /OUTPUT 1 "y";
    .port_info 1 /INPUT 1 "s0";
    .port_info 2 /INPUT 1 "s1";
    .port_info 3 /INPUT 1 "i0";
    .port_info 4 /INPUT 1 "i1";
    .port_info 5 /INPUT 1 "i2";
    .port_info 6 /INPUT 1 "i3";
v0x5591a669bda0_0 .net "i0", 0 0, v0x5591a66ec510_0;  1 drivers
v0x5591a66ebdf0_0 .net "i1", 0 0, v0x5591a66ec610_0;  1 drivers
v0x5591a66ebeb0_0 .net "i2", 0 0, v0x5591a66ec6e0_0;  1 drivers
v0x5591a66ebf50_0 .net "i3", 0 0, v0x5591a66ec7d0_0;  1 drivers
v0x5591a66ec010_0 .net "s0", 0 0, v0x5591a66ec380_0;  1 drivers
v0x5591a66ec120_0 .net "s1", 0 0, v0x5591a66ec440_0;  1 drivers
v0x5591a66ec1e0_0 .var "y", 0 0;
E_0x5591a66d52f0/0 .event edge, v0x5591a66ebf50_0, v0x5591a66ebeb0_0, v0x5591a66ebdf0_0, v0x5591a669bda0_0;
E_0x5591a66d52f0/1 .event edge, v0x5591a66ec120_0, v0x5591a66ec010_0;
E_0x5591a66d52f0 .event/or E_0x5591a66d52f0/0, E_0x5591a66d52f0/1;
    .scope S_0x5591a66d6900;
T_0 ;
    %wait E_0x5591a66d52f0;
    %load/vec4 v0x5591a66ec010_0;
    %inv;
    %load/vec4 v0x5591a66ec120_0;
    %inv;
    %and;
    %load/vec4 v0x5591a669bda0_0;
    %and;
    %load/vec4 v0x5591a66ec010_0;
    %load/vec4 v0x5591a66ec120_0;
    %inv;
    %and;
    %load/vec4 v0x5591a66ebdf0_0;
    %and;
    %or;
    %load/vec4 v0x5591a66ec010_0;
    %inv;
    %load/vec4 v0x5591a66ec120_0;
    %and;
    %load/vec4 v0x5591a66ebeb0_0;
    %and;
    %or;
    %load/vec4 v0x5591a66ec010_0;
    %load/vec4 v0x5591a66ec120_0;
    %and;
    %load/vec4 v0x5591a66ebf50_0;
    %and;
    %or;
    %store/vec4 v0x5591a66ec1e0_0, 0, 1;
    %jmp T_0;
    .thread T_0, $push;
    .scope S_0x5591a66d6770;
T_1 ;
    %vpi_call 2 6 "$dumpfile", "mux.vcd" {0 0 0};
    %vpi_call 2 7 "$dumpvars" {0 0 0};
    %pushi/vec4 0, 0, 1;
    %store/vec4 v0x5591a66ec7d0_0, 0, 1;
    %pushi/vec4 0, 0, 1;
    %store/vec4 v0x5591a66ec6e0_0, 0, 1;
    %pushi/vec4 1, 0, 1;
    %store/vec4 v0x5591a66ec380_0, 0, 1;
    %pushi/vec4 0, 0, 1;
    %store/vec4 v0x5591a66ec440_0, 0, 1;
    %pushi/vec4 0, 0, 1;
    %store/vec4 v0x5591a66ec510_0, 0, 1;
    %pushi/vec4 0, 0, 1;
    %store/vec4 v0x5591a66ec610_0, 0, 1;
    %delay 10, 0;
    %pushi/vec4 0, 0, 1;
    %store/vec4 v0x5591a66ec7d0_0, 0, 1;
    %pushi/vec4 1, 0, 1;
    %store/vec4 v0x5591a66ec6e0_0, 0, 1;
    %pushi/vec4 0, 0, 1;
    %store/vec4 v0x5591a66ec380_0, 0, 1;
    %pushi/vec4 1, 0, 1;
    %store/vec4 v0x5591a66ec440_0, 0, 1;
    %pushi/vec4 0, 0, 1;
    %store/vec4 v0x5591a66ec510_0, 0, 1;
    %pushi/vec4 0, 0, 1;
    %store/vec4 v0x5591a66ec610_0, 0, 1;
    %delay 10, 0;
    %pushi/vec4 1, 0, 1;
    %store/vec4 v0x5591a66ec7d0_0, 0, 1;
    %pushi/vec4 0, 0, 1;
    %store/vec4 v0x5591a66ec6e0_0, 0, 1;
    %pushi/vec4 0, 0, 1;
    %store/vec4 v0x5591a66ec380_0, 0, 1;
    %pushi/vec4 0, 0, 1;
    %store/vec4 v0x5591a66ec440_0, 0, 1;
    %pushi/vec4 1, 0, 1;
    %store/vec4 v0x5591a66ec510_0, 0, 1;
    %pushi/vec4 0, 0, 1;
    %store/vec4 v0x5591a66ec610_0, 0, 1;
    %delay 10, 0;
    %pushi/vec4 1, 0, 1;
    %store/vec4 v0x5591a66ec7d0_0, 0, 1;
    %pushi/vec4 1, 0, 1;
    %store/vec4 v0x5591a66ec6e0_0, 0, 1;
    %pushi/vec4 0, 0, 1;
    %store/vec4 v0x5591a66ec380_0, 0, 1;
    %pushi/vec4 0, 0, 1;
    %store/vec4 v0x5591a66ec440_0, 0, 1;
    %pushi/vec4 0, 0, 1;
    %store/vec4 v0x5591a66ec510_0, 0, 1;
    %pushi/vec4 1, 0, 1;
    %store/vec4 v0x5591a66ec610_0, 0, 1;
    %delay 10, 0;
    %vpi_call 2 36 "$finish" {0 0 0};
    %end;
    .thread T_1;
# The file index is used to find the file name in the following table.
:file_names 4;
    "N/A";
    "<interactive>";
    "testbench.v";
    "mux.v";
