#! /usr/bin/vvp
:ivl_version "12.0 (stable)";
:ivl_delay_selection "TYPICAL";
:vpi_time_precision + 0;
:vpi_module "/usr/lib/x86_64-linux-gnu/ivl/system.vpi";
:vpi_module "/usr/lib/x86_64-linux-gnu/ivl/vhdl_sys.vpi";
:vpi_module "/usr/lib/x86_64-linux-gnu/ivl/vhdl_textio.vpi";
:vpi_module "/usr/lib/x86_64-linux-gnu/ivl/v2005_math.vpi";
:vpi_module "/usr/lib/x86_64-linux-gnu/ivl/va_math.vpi";
S_0x61e83f87f960 .scope module, "testbtog" "testbtog" 2 1;
 .timescale 0 0;
v0x61e83f89dfb0_0 .var "b0", 0 0;
v0x61e83f89e070_0 .var "b1", 0 0;
v0x61e83f89e140_0 .var "b2", 0 0;
v0x61e83f89e240_0 .var "b3", 0 0;
v0x61e83f89e310_0 .net "g0", 0 0, v0x61e83f89db10_0;  1 drivers
v0x61e83f89e3b0_0 .net "g1", 0 0, v0x61e83f89dc20_0;  1 drivers
v0x61e83f89e480_0 .net "g2", 0 0, v0x61e83f89dce0_0;  1 drivers
v0x61e83f89e550_0 .net "g3", 0 0, v0x61e83f89dda0_0;  1 drivers
S_0x61e83f87faf0 .scope module, "uut" "btog" 2 4, 3 1 0, S_0x61e83f87f960;
 .timescale 0 0;
    .port_info 0 /INPUT 1 "b1";
    .port_info 1 /INPUT 1 "b2";
    .port_info 2 /INPUT 1 "b3";
    .port_info 3 /INPUT 1 "b0";
    .port_info 4 /OUTPUT 1 "g1";
    .port_info 5 /OUTPUT 1 "g2";
    .port_info 6 /OUTPUT 1 "g3";
    .port_info 7 /OUTPUT 1 "g0";
v0x61e83f845590_0 .net "b0", 0 0, v0x61e83f89dfb0_0;  1 drivers
v0x61e83f89d8f0_0 .net "b1", 0 0, v0x61e83f89e070_0;  1 drivers
v0x61e83f89d9b0_0 .net "b2", 0 0, v0x61e83f89e140_0;  1 drivers
v0x61e83f89da50_0 .net "b3", 0 0, v0x61e83f89e240_0;  1 drivers
v0x61e83f89db10_0 .var "g0", 0 0;
v0x61e83f89dc20_0 .var "g1", 0 0;
v0x61e83f89dce0_0 .var "g2", 0 0;
v0x61e83f89dda0_0 .var "g3", 0 0;
E_0x61e83f87ec10 .event anyedge, v0x61e83f845590_0, v0x61e83f89d8f0_0, v0x61e83f89d9b0_0, v0x61e83f89da50_0;
    .scope S_0x61e83f87faf0;
T_0 ;
    %wait E_0x61e83f87ec10;
    %load/vec4 v0x61e83f845590_0;
    %load/vec4 v0x61e83f89d8f0_0;
    %xor;
    %store/vec4 v0x61e83f89db10_0, 0, 1;
    %load/vec4 v0x61e83f89d8f0_0;
    %load/vec4 v0x61e83f89d9b0_0;
    %xor;
    %store/vec4 v0x61e83f89dc20_0, 0, 1;
    %load/vec4 v0x61e83f89d9b0_0;
    %load/vec4 v0x61e83f89da50_0;
    %xor;
    %store/vec4 v0x61e83f89dce0_0, 0, 1;
    %load/vec4 v0x61e83f89da50_0;
    %store/vec4 v0x61e83f89dda0_0, 0, 1;
    %jmp T_0;
    .thread T_0, $push;
    .scope S_0x61e83f87f960;
T_1 ;
    %vpi_call 2 6 "$dumpfile", "btog.vcd" {0 0 0};
    %vpi_call 2 7 "$dumpvars" {0 0 0};
    %pushi/vec4 0, 0, 1;
    %store/vec4 v0x61e83f89e240_0, 0, 1;
    %pushi/vec4 0, 0, 1;
    %store/vec4 v0x61e83f89e140_0, 0, 1;
    %pushi/vec4 0, 0, 1;
    %store/vec4 v0x61e83f89e070_0, 0, 1;
    %pushi/vec4 0, 0, 1;
    %store/vec4 v0x61e83f89dfb0_0, 0, 1;
    %delay 10, 0;
    %pushi/vec4 0, 0, 1;
    %store/vec4 v0x61e83f89e240_0, 0, 1;
    %pushi/vec4 0, 0, 1;
    %store/vec4 v0x61e83f89e140_0, 0, 1;
    %pushi/vec4 0, 0, 1;
    %store/vec4 v0x61e83f89e070_0, 0, 1;
    %pushi/vec4 1, 0, 1;
    %store/vec4 v0x61e83f89dfb0_0, 0, 1;
    %delay 10, 0;
    %pushi/vec4 0, 0, 1;
    %store/vec4 v0x61e83f89e240_0, 0, 1;
    %pushi/vec4 0, 0, 1;
    %store/vec4 v0x61e83f89e140_0, 0, 1;
    %pushi/vec4 1, 0, 1;
    %store/vec4 v0x61e83f89e070_0, 0, 1;
    %pushi/vec4 0, 0, 1;
    %store/vec4 v0x61e83f89dfb0_0, 0, 1;
    %delay 10, 0;
    %pushi/vec4 0, 0, 1;
    %store/vec4 v0x61e83f89e240_0, 0, 1;
    %pushi/vec4 0, 0, 1;
    %store/vec4 v0x61e83f89e140_0, 0, 1;
    %pushi/vec4 1, 0, 1;
    %store/vec4 v0x61e83f89e070_0, 0, 1;
    %pushi/vec4 1, 0, 1;
    %store/vec4 v0x61e83f89dfb0_0, 0, 1;
    %delay 10, 0;
    %pushi/vec4 0, 0, 1;
    %store/vec4 v0x61e83f89e240_0, 0, 1;
    %pushi/vec4 1, 0, 1;
    %store/vec4 v0x61e83f89e140_0, 0, 1;
    %pushi/vec4 0, 0, 1;
    %store/vec4 v0x61e83f89e070_0, 0, 1;
    %pushi/vec4 0, 0, 1;
    %store/vec4 v0x61e83f89dfb0_0, 0, 1;
    %delay 10, 0;
    %pushi/vec4 0, 0, 1;
    %store/vec4 v0x61e83f89e240_0, 0, 1;
    %pushi/vec4 1, 0, 1;
    %store/vec4 v0x61e83f89e140_0, 0, 1;
    %pushi/vec4 0, 0, 1;
    %store/vec4 v0x61e83f89e070_0, 0, 1;
    %pushi/vec4 1, 0, 1;
    %store/vec4 v0x61e83f89dfb0_0, 0, 1;
    %delay 10, 0;
    %pushi/vec4 0, 0, 1;
    %store/vec4 v0x61e83f89e240_0, 0, 1;
    %pushi/vec4 1, 0, 1;
    %store/vec4 v0x61e83f89e140_0, 0, 1;
    %pushi/vec4 1, 0, 1;
    %store/vec4 v0x61e83f89e070_0, 0, 1;
    %pushi/vec4 0, 0, 1;
    %store/vec4 v0x61e83f89dfb0_0, 0, 1;
    %delay 10, 0;
    %pushi/vec4 0, 0, 1;
    %store/vec4 v0x61e83f89e240_0, 0, 1;
    %pushi/vec4 1, 0, 1;
    %store/vec4 v0x61e83f89e140_0, 0, 1;
    %pushi/vec4 1, 0, 1;
    %store/vec4 v0x61e83f89e070_0, 0, 1;
    %pushi/vec4 1, 0, 1;
    %store/vec4 v0x61e83f89dfb0_0, 0, 1;
    %delay 10, 0;
    %pushi/vec4 1, 0, 1;
    %store/vec4 v0x61e83f89e240_0, 0, 1;
    %pushi/vec4 0, 0, 1;
    %store/vec4 v0x61e83f89e140_0, 0, 1;
    %pushi/vec4 0, 0, 1;
    %store/vec4 v0x61e83f89e070_0, 0, 1;
    %pushi/vec4 0, 0, 1;
    %store/vec4 v0x61e83f89dfb0_0, 0, 1;
    %delay 10, 0;
    %pushi/vec4 1, 0, 1;
    %store/vec4 v0x61e83f89e240_0, 0, 1;
    %pushi/vec4 0, 0, 1;
    %store/vec4 v0x61e83f89e140_0, 0, 1;
    %pushi/vec4 0, 0, 1;
    %store/vec4 v0x61e83f89e070_0, 0, 1;
    %pushi/vec4 1, 0, 1;
    %store/vec4 v0x61e83f89dfb0_0, 0, 1;
    %delay 10, 0;
    %pushi/vec4 1, 0, 1;
    %store/vec4 v0x61e83f89e240_0, 0, 1;
    %pushi/vec4 0, 0, 1;
    %store/vec4 v0x61e83f89e140_0, 0, 1;
    %pushi/vec4 1, 0, 1;
    %store/vec4 v0x61e83f89e070_0, 0, 1;
    %pushi/vec4 0, 0, 1;
    %store/vec4 v0x61e83f89dfb0_0, 0, 1;
    %delay 10, 0;
    %pushi/vec4 1, 0, 1;
    %store/vec4 v0x61e83f89e240_0, 0, 1;
    %pushi/vec4 0, 0, 1;
    %store/vec4 v0x61e83f89e140_0, 0, 1;
    %pushi/vec4 1, 0, 1;
    %store/vec4 v0x61e83f89e070_0, 0, 1;
    %pushi/vec4 1, 0, 1;
    %store/vec4 v0x61e83f89dfb0_0, 0, 1;
    %delay 10, 0;
    %pushi/vec4 1, 0, 1;
    %store/vec4 v0x61e83f89e240_0, 0, 1;
    %pushi/vec4 1, 0, 1;
    %store/vec4 v0x61e83f89e140_0, 0, 1;
    %pushi/vec4 0, 0, 1;
    %store/vec4 v0x61e83f89e070_0, 0, 1;
    %pushi/vec4 0, 0, 1;
    %store/vec4 v0x61e83f89dfb0_0, 0, 1;
    %delay 10, 0;
    %pushi/vec4 1, 0, 1;
    %store/vec4 v0x61e83f89e240_0, 0, 1;
    %pushi/vec4 1, 0, 1;
    %store/vec4 v0x61e83f89e140_0, 0, 1;
    %pushi/vec4 0, 0, 1;
    %store/vec4 v0x61e83f89e070_0, 0, 1;
    %pushi/vec4 1, 0, 1;
    %store/vec4 v0x61e83f89dfb0_0, 0, 1;
    %delay 10, 0;
    %pushi/vec4 1, 0, 1;
    %store/vec4 v0x61e83f89e240_0, 0, 1;
    %pushi/vec4 1, 0, 1;
    %store/vec4 v0x61e83f89e140_0, 0, 1;
    %pushi/vec4 1, 0, 1;
    %store/vec4 v0x61e83f89e070_0, 0, 1;
    %pushi/vec4 0, 0, 1;
    %store/vec4 v0x61e83f89dfb0_0, 0, 1;
    %delay 10, 0;
    %pushi/vec4 1, 0, 1;
    %store/vec4 v0x61e83f89e240_0, 0, 1;
    %pushi/vec4 1, 0, 1;
    %store/vec4 v0x61e83f89e140_0, 0, 1;
    %pushi/vec4 1, 0, 1;
    %store/vec4 v0x61e83f89e070_0, 0, 1;
    %pushi/vec4 1, 0, 1;
    %store/vec4 v0x61e83f89dfb0_0, 0, 1;
    %delay 10, 0;
    %vpi_call 2 24 "$finish" {0 0 0};
    %end;
    .thread T_1;
# The file index is used to find the file name in the following table.
:file_names 4;
    "N/A";
    "<interactive>";
    "testbtog.v";
    "btog.v";
