#! /usr/bin/vvp
:ivl_version "11.0 (stable)";
:ivl_delay_selection "TYPICAL";
:vpi_time_precision + 0;
:vpi_module "/usr/lib/x86_64-linux-gnu/ivl/system.vpi";
:vpi_module "/usr/lib/x86_64-linux-gnu/ivl/vhdl_sys.vpi";
:vpi_module "/usr/lib/x86_64-linux-gnu/ivl/vhdl_textio.vpi";
:vpi_module "/usr/lib/x86_64-linux-gnu/ivl/v2005_math.vpi";
:vpi_module "/usr/lib/x86_64-linux-gnu/ivl/va_math.vpi";
S_0x559e8b5e37a0 .scope module, "testbencha1" "testbencha1" 2 1;
 .timescale 0 0;
v0x559e8b5fa7a0_0 .var "A", 0 0;
v0x559e8b5fa860_0 .var "B", 0 0;
v0x559e8b5fa930_0 .net "Borrow", 0 0, L_0x559e8b5fb210;  1 drivers
v0x559e8b5faa30_0 .var "Cin", 0 0;
v0x559e8b5fab00_0 .net "Difference", 0 0, L_0x559e8b5face0;  1 drivers
S_0x559e8b5e3930 .scope module, "uut" "fullsubtractor" 2 4, 3 1 0, S_0x559e8b5e37a0;
 .timescale 0 0;
    .port_info 0 /OUTPUT 1 "Difference";
    .port_info 1 /OUTPUT 1 "Borrow";
    .port_info 2 /INPUT 1 "A";
    .port_info 3 /INPUT 1 "B";
    .port_info 4 /INPUT 1 "Cin";
L_0x559e8b5faba0 .functor XOR 1, v0x559e8b5fa7a0_0, v0x559e8b5fa860_0, C4<0>, C4<0>;
L_0x559e8b5face0 .functor XOR 1, L_0x559e8b5faba0, v0x559e8b5faa30_0, C4<0>, C4<0>;
L_0x559e8b5fae40 .functor XOR 1, v0x559e8b5fa7a0_0, v0x559e8b5fa860_0, C4<0>, C4<0>;
L_0x559e8b5faeb0 .functor NOT 1, L_0x559e8b5fae40, C4<0>, C4<0>, C4<0>;
L_0x559e8b5fafa0 .functor AND 1, v0x559e8b5faa30_0, L_0x559e8b5faeb0, C4<1>, C4<1>;
L_0x559e8b5fb060 .functor NOT 1, v0x559e8b5fa7a0_0, C4<0>, C4<0>, C4<0>;
L_0x559e8b5fb110 .functor AND 1, L_0x559e8b5fb060, v0x559e8b5fa860_0, C4<1>, C4<1>;
L_0x559e8b5fb210 .functor OR 1, L_0x559e8b5fafa0, L_0x559e8b5fb110, C4<0>, C4<0>;
v0x559e8b5e3b10_0 .net "A", 0 0, v0x559e8b5fa7a0_0;  1 drivers
v0x559e8b5f9e90_0 .net "B", 0 0, v0x559e8b5fa860_0;  1 drivers
v0x559e8b5f9f50_0 .net "Borrow", 0 0, L_0x559e8b5fb210;  alias, 1 drivers
v0x559e8b5f9ff0_0 .net "Cin", 0 0, v0x559e8b5faa30_0;  1 drivers
v0x559e8b5fa0b0_0 .net "Difference", 0 0, L_0x559e8b5face0;  alias, 1 drivers
v0x559e8b5fa1c0_0 .net *"_ivl_0", 0 0, L_0x559e8b5faba0;  1 drivers
v0x559e8b5fa2a0_0 .net *"_ivl_10", 0 0, L_0x559e8b5fb060;  1 drivers
v0x559e8b5fa380_0 .net *"_ivl_12", 0 0, L_0x559e8b5fb110;  1 drivers
v0x559e8b5fa460_0 .net *"_ivl_4", 0 0, L_0x559e8b5fae40;  1 drivers
v0x559e8b5fa540_0 .net *"_ivl_6", 0 0, L_0x559e8b5faeb0;  1 drivers
v0x559e8b5fa620_0 .net *"_ivl_8", 0 0, L_0x559e8b5fafa0;  1 drivers
    .scope S_0x559e8b5e37a0;
T_0 ;
    %vpi_call 2 6 "$dumpfile", "fullsubtractor.vcd" {0 0 0};
    %vpi_call 2 7 "$dumpvars" {0 0 0};
    %pushi/vec4 0, 0, 1;
    %store/vec4 v0x559e8b5fa7a0_0, 0, 1;
    %pushi/vec4 0, 0, 1;
    %store/vec4 v0x559e8b5fa860_0, 0, 1;
    %pushi/vec4 0, 0, 1;
    %store/vec4 v0x559e8b5faa30_0, 0, 1;
    %delay 10, 0;
    %pushi/vec4 0, 0, 1;
    %store/vec4 v0x559e8b5fa7a0_0, 0, 1;
    %pushi/vec4 0, 0, 1;
    %store/vec4 v0x559e8b5fa860_0, 0, 1;
    %pushi/vec4 1, 0, 1;
    %store/vec4 v0x559e8b5faa30_0, 0, 1;
    %delay 10, 0;
    %pushi/vec4 0, 0, 1;
    %store/vec4 v0x559e8b5fa7a0_0, 0, 1;
    %pushi/vec4 1, 0, 1;
    %store/vec4 v0x559e8b5fa860_0, 0, 1;
    %pushi/vec4 0, 0, 1;
    %store/vec4 v0x559e8b5faa30_0, 0, 1;
    %delay 10, 0;
    %pushi/vec4 0, 0, 1;
    %store/vec4 v0x559e8b5fa7a0_0, 0, 1;
    %pushi/vec4 1, 0, 1;
    %store/vec4 v0x559e8b5fa860_0, 0, 1;
    %pushi/vec4 1, 0, 1;
    %store/vec4 v0x559e8b5faa30_0, 0, 1;
    %delay 10, 0;
    %pushi/vec4 1, 0, 1;
    %store/vec4 v0x559e8b5fa7a0_0, 0, 1;
    %pushi/vec4 0, 0, 1;
    %store/vec4 v0x559e8b5fa860_0, 0, 1;
    %pushi/vec4 0, 0, 1;
    %store/vec4 v0x559e8b5faa30_0, 0, 1;
    %delay 10, 0;
    %pushi/vec4 1, 0, 1;
    %store/vec4 v0x559e8b5fa7a0_0, 0, 1;
    %pushi/vec4 0, 0, 1;
    %store/vec4 v0x559e8b5fa860_0, 0, 1;
    %pushi/vec4 1, 0, 1;
    %store/vec4 v0x559e8b5faa30_0, 0, 1;
    %delay 10, 0;
    %pushi/vec4 1, 0, 1;
    %store/vec4 v0x559e8b5fa7a0_0, 0, 1;
    %pushi/vec4 1, 0, 1;
    %store/vec4 v0x559e8b5fa860_0, 0, 1;
    %pushi/vec4 0, 0, 1;
    %store/vec4 v0x559e8b5faa30_0, 0, 1;
    %delay 10, 0;
    %pushi/vec4 1, 0, 1;
    %store/vec4 v0x559e8b5fa7a0_0, 0, 1;
    %pushi/vec4 1, 0, 1;
    %store/vec4 v0x559e8b5fa860_0, 0, 1;
    %pushi/vec4 1, 0, 1;
    %store/vec4 v0x559e8b5faa30_0, 0, 1;
    %delay 10, 0;
    %vpi_call 2 40 "$finish" {0 0 0};
    %end;
    .thread T_0;
# The file index is used to find the file name in the following table.
:file_names 4;
    "N/A";
    "<interactive>";
    "testbencha1.v";
    "fullsubtractor.v";
