#! /usr/bin/vvp
:ivl_version "11.0 (stable)";
:ivl_delay_selection "TYPICAL";
:vpi_time_precision + 0;
:vpi_module "/usr/lib/x86_64-linux-gnu/ivl/system.vpi";
:vpi_module "/usr/lib/x86_64-linux-gnu/ivl/vhdl_sys.vpi";
:vpi_module "/usr/lib/x86_64-linux-gnu/ivl/vhdl_textio.vpi";
:vpi_module "/usr/lib/x86_64-linux-gnu/ivl/v2005_math.vpi";
:vpi_module "/usr/lib/x86_64-linux-gnu/ivl/va_math.vpi";
S_0x55a07cd544b0 .scope module, "testbench" "testbench" 2 1;
 .timescale 0 0;
v0x55a07cd6a450_0 .var "i0", 0 0;
v0x55a07cd6a510_0 .var "i1", 0 0;
v0x55a07cd6a5e0_0 .var "i2", 0 0;
v0x55a07cd6a6e0_0 .var "i3", 0 0;
v0x55a07cd6a7b0_0 .var "s0", 0 0;
v0x55a07cd6a850_0 .var "s1", 0 0;
v0x55a07cd6a920_0 .net "y", 0 0, L_0x55a07cd6b050;  1 drivers
S_0x55a07cd54640 .scope module, "uut" "mux" 2 4, 3 1 0, S_0x55a07cd544b0;
 .timescale 0 0;
    .port_info 0 /OUTPUT 1 "y";
    .port_info 1 /INPUT 1 "i0";
    .port_info 2 /INPUT 1 "i1";
    .port_info 3 /INPUT 1 "i2";
    .port_info 4 /INPUT 1 "i3";
    .port_info 5 /INPUT 1 "s0";
    .port_info 6 /INPUT 1 "s1";
L_0x55a07cd6a9f0 .functor NOT 1, v0x55a07cd6a7b0_0, C4<0>, C4<0>, C4<0>;
L_0x55a07cd6aae0 .functor NOT 1, v0x55a07cd6a850_0, C4<0>, C4<0>, C4<0>;
L_0x55a07cd6aba0 .functor AND 1, L_0x55a07cd6aae0, L_0x55a07cd6a9f0, v0x55a07cd6a450_0, C4<1>;
L_0x55a07cd6ad30 .functor AND 1, L_0x55a07cd6aae0, v0x55a07cd6a7b0_0, v0x55a07cd6a510_0, C4<1>;
L_0x55a07cd6ae20 .functor AND 1, v0x55a07cd6a850_0, L_0x55a07cd6a9f0, v0x55a07cd6a5e0_0, C4<1>;
L_0x55a07cd6aee0 .functor AND 1, v0x55a07cd6a850_0, v0x55a07cd6a7b0_0, v0x55a07cd6a6e0_0, C4<1>;
L_0x55a07cd6b050 .functor OR 1, L_0x55a07cd6aba0, L_0x55a07cd6ad30, L_0x55a07cd6ae20, L_0x55a07cd6aee0;
v0x55a07cd18cf0_0 .net "a0", 0 0, L_0x55a07cd6aba0;  1 drivers
v0x55a07cd69a40_0 .net "a1", 0 0, L_0x55a07cd6ad30;  1 drivers
v0x55a07cd69b00_0 .net "a2", 0 0, L_0x55a07cd6ae20;  1 drivers
v0x55a07cd69ba0_0 .net "a3", 0 0, L_0x55a07cd6aee0;  1 drivers
v0x55a07cd69c60_0 .net "i0", 0 0, v0x55a07cd6a450_0;  1 drivers
v0x55a07cd69d70_0 .net "i1", 0 0, v0x55a07cd6a510_0;  1 drivers
v0x55a07cd69e30_0 .net "i2", 0 0, v0x55a07cd6a5e0_0;  1 drivers
v0x55a07cd69ef0_0 .net "i3", 0 0, v0x55a07cd6a6e0_0;  1 drivers
v0x55a07cd69fb0_0 .net "n0", 0 0, L_0x55a07cd6a9f0;  1 drivers
v0x55a07cd6a070_0 .net "n1", 0 0, L_0x55a07cd6aae0;  1 drivers
v0x55a07cd6a130_0 .net "s0", 0 0, v0x55a07cd6a7b0_0;  1 drivers
v0x55a07cd6a1f0_0 .net "s1", 0 0, v0x55a07cd6a850_0;  1 drivers
v0x55a07cd6a2b0_0 .net "y", 0 0, L_0x55a07cd6b050;  alias, 1 drivers
    .scope S_0x55a07cd544b0;
T_0 ;
    %vpi_call 2 6 "$dumpfile", "mux.vcd" {0 0 0};
    %vpi_call 2 7 "$dumpvars" {0 0 0};
    %pushi/vec4 0, 0, 1;
    %store/vec4 v0x55a07cd6a850_0, 0, 1;
    %pushi/vec4 0, 0, 1;
    %store/vec4 v0x55a07cd6a7b0_0, 0, 1;
    %pushi/vec4 1, 0, 1;
    %store/vec4 v0x55a07cd6a450_0, 0, 1;
    %pushi/vec4 0, 0, 1;
    %store/vec4 v0x55a07cd6a510_0, 0, 1;
    %pushi/vec4 0, 0, 1;
    %store/vec4 v0x55a07cd6a5e0_0, 0, 1;
    %pushi/vec4 0, 0, 1;
    %store/vec4 v0x55a07cd6a6e0_0, 0, 1;
    %delay 10, 0;
    %pushi/vec4 0, 0, 1;
    %store/vec4 v0x55a07cd6a850_0, 0, 1;
    %pushi/vec4 1, 0, 1;
    %store/vec4 v0x55a07cd6a7b0_0, 0, 1;
    %pushi/vec4 0, 0, 1;
    %store/vec4 v0x55a07cd6a450_0, 0, 1;
    %pushi/vec4 1, 0, 1;
    %store/vec4 v0x55a07cd6a510_0, 0, 1;
    %pushi/vec4 0, 0, 1;
    %store/vec4 v0x55a07cd6a5e0_0, 0, 1;
    %pushi/vec4 0, 0, 1;
    %store/vec4 v0x55a07cd6a6e0_0, 0, 1;
    %delay 10, 0;
    %pushi/vec4 1, 0, 1;
    %store/vec4 v0x55a07cd6a850_0, 0, 1;
    %pushi/vec4 0, 0, 1;
    %store/vec4 v0x55a07cd6a7b0_0, 0, 1;
    %pushi/vec4 0, 0, 1;
    %store/vec4 v0x55a07cd6a450_0, 0, 1;
    %pushi/vec4 0, 0, 1;
    %store/vec4 v0x55a07cd6a510_0, 0, 1;
    %pushi/vec4 1, 0, 1;
    %store/vec4 v0x55a07cd6a5e0_0, 0, 1;
    %pushi/vec4 0, 0, 1;
    %store/vec4 v0x55a07cd6a6e0_0, 0, 1;
    %delay 10, 0;
    %pushi/vec4 1, 0, 1;
    %store/vec4 v0x55a07cd6a850_0, 0, 1;
    %pushi/vec4 1, 0, 1;
    %store/vec4 v0x55a07cd6a7b0_0, 0, 1;
    %pushi/vec4 0, 0, 1;
    %store/vec4 v0x55a07cd6a450_0, 0, 1;
    %pushi/vec4 0, 0, 1;
    %store/vec4 v0x55a07cd6a510_0, 0, 1;
    %pushi/vec4 0, 0, 1;
    %store/vec4 v0x55a07cd6a5e0_0, 0, 1;
    %pushi/vec4 1, 0, 1;
    %store/vec4 v0x55a07cd6a6e0_0, 0, 1;
    %delay 10, 0;
    %vpi_call 2 36 "$finish" {0 0 0};
    %end;
    .thread T_0;
# The file index is used to find the file name in the following table.
:file_names 4;
    "N/A";
    "<interactive>";
    "testbench.v";
    "mux.v";
