#! /usr/bin/vvp
:ivl_version "10.3 (stable)";
:ivl_delay_selection "TYPICAL";
:vpi_time_precision + 0;
:vpi_module "system";
:vpi_module "vhdl_sys";
:vpi_module "v2005_math";
:vpi_module "va_math";
S_0x5614b65308c0 .scope module, "testbencha1" "testbencha1" 2 1;
 .timescale 0 0;
v0x5614b6540650_0 .var "a", 0 0;
v0x5614b6540720_0 .var "b", 0 0;
v0x5614b65407f0_0 .net "c", 0 0, L_0x5614b65408f0;  1 drivers
S_0x5614b6530a40 .scope module, "uut" "orgate1" 2 4, 3 1 0, S_0x5614b65308c0;
 .timescale 0 0;
    .port_info 0 /OUTPUT 1 "c"
    .port_info 1 /INPUT 1 "a"
    .port_info 2 /INPUT 1 "b"
L_0x5614b65408f0 .functor OR 1, v0x5614b6540650_0, v0x5614b6540720_0, C4<0>, C4<0>;
v0x5614b64fb030_0 .net "a", 0 0, v0x5614b6540650_0;  1 drivers
v0x5614b6540470_0 .net "b", 0 0, v0x5614b6540720_0;  1 drivers
v0x5614b6540530_0 .net "c", 0 0, L_0x5614b65408f0;  alias, 1 drivers
    .scope S_0x5614b65308c0;
T_0 ;
    %vpi_call 2 6 "$dumpfile", "orgate1.vcd" {0 0 0};
    %vpi_call 2 7 "$dumpvars" {0 0 0};
    %pushi/vec4 0, 0, 1;
    %store/vec4 v0x5614b6540650_0, 0, 1;
    %pushi/vec4 0, 0, 1;
    %store/vec4 v0x5614b6540720_0, 0, 1;
    %delay 10, 0;
    %pushi/vec4 0, 0, 1;
    %store/vec4 v0x5614b6540650_0, 0, 1;
    %pushi/vec4 1, 0, 1;
    %store/vec4 v0x5614b6540720_0, 0, 1;
    %delay 10, 0;
    %pushi/vec4 1, 0, 1;
    %store/vec4 v0x5614b6540650_0, 0, 1;
    %pushi/vec4 0, 0, 1;
    %store/vec4 v0x5614b6540720_0, 0, 1;
    %delay 10, 0;
    %pushi/vec4 1, 0, 1;
    %store/vec4 v0x5614b6540650_0, 0, 1;
    %pushi/vec4 1, 0, 1;
    %store/vec4 v0x5614b6540720_0, 0, 1;
    %delay 10, 0;
    %vpi_call 2 20 "$finish" {0 0 0};
    %end;
    .thread T_0;
# The file index is used to find the file name in the following table.
:file_names 4;
    "N/A";
    "<interactive>";
    "testbencha1.v";
    "orgate1.v";
