#! /usr/bin/vvp
:ivl_version "11.0 (stable)";
:ivl_delay_selection "TYPICAL";
:vpi_time_precision + 0;
:vpi_module "/usr/lib/x86_64-linux-gnu/ivl/system.vpi";
:vpi_module "/usr/lib/x86_64-linux-gnu/ivl/vhdl_sys.vpi";
:vpi_module "/usr/lib/x86_64-linux-gnu/ivl/vhdl_textio.vpi";
:vpi_module "/usr/lib/x86_64-linux-gnu/ivl/v2005_math.vpi";
:vpi_module "/usr/lib/x86_64-linux-gnu/ivl/va_math.vpi";
S_0x563c0730e800 .scope module, "testbencha1" "testbencha1" 2 1;
 .timescale 0 0;
v0x563c073252d0_0 .var "A", 0 0;
v0x563c07325390_0 .var "B", 0 0;
v0x563c07325460_0 .net "Carry", 0 0, L_0x563c07325d10;  1 drivers
v0x563c07325560_0 .var "Cin", 0 0;
v0x563c07325630_0 .net "Sum", 0 0, L_0x563c07325810;  1 drivers
S_0x563c0730e990 .scope module, "uut" "fulladder" 2 4, 3 1 0, S_0x563c0730e800;
 .timescale 0 0;
    .port_info 0 /OUTPUT 1 "Sum";
    .port_info 1 /OUTPUT 1 "Carry";
    .port_info 2 /INPUT 1 "A";
    .port_info 3 /INPUT 1 "B";
    .port_info 4 /INPUT 1 "Cin";
L_0x563c073256d0 .functor XOR 1, v0x563c073252d0_0, v0x563c07325390_0, C4<0>, C4<0>;
L_0x563c07325810 .functor XOR 1, L_0x563c073256d0, v0x563c07325560_0, C4<0>, C4<0>;
L_0x563c07325970 .functor AND 1, v0x563c073252d0_0, v0x563c07325390_0, C4<1>, C4<1>;
L_0x563c073259e0 .functor AND 1, v0x563c073252d0_0, v0x563c07325560_0, C4<1>, C4<1>;
L_0x563c07325a80 .functor OR 1, L_0x563c07325970, L_0x563c073259e0, C4<0>, C4<0>;
L_0x563c07325b40 .functor AND 1, v0x563c07325390_0, v0x563c07325560_0, C4<1>, C4<1>;
L_0x563c07325d10 .functor OR 1, L_0x563c07325a80, L_0x563c07325b40, C4<0>, C4<0>;
v0x563c0730eb70_0 .net "A", 0 0, v0x563c073252d0_0;  1 drivers
v0x563c07324a70_0 .net "B", 0 0, v0x563c07325390_0;  1 drivers
v0x563c07324b30_0 .net "Carry", 0 0, L_0x563c07325d10;  alias, 1 drivers
v0x563c07324c00_0 .net "Cin", 0 0, v0x563c07325560_0;  1 drivers
v0x563c07324cc0_0 .net "Sum", 0 0, L_0x563c07325810;  alias, 1 drivers
v0x563c07324dd0_0 .net *"_ivl_0", 0 0, L_0x563c073256d0;  1 drivers
v0x563c07324eb0_0 .net *"_ivl_10", 0 0, L_0x563c07325b40;  1 drivers
v0x563c07324f90_0 .net *"_ivl_4", 0 0, L_0x563c07325970;  1 drivers
v0x563c07325070_0 .net *"_ivl_6", 0 0, L_0x563c073259e0;  1 drivers
v0x563c07325150_0 .net *"_ivl_8", 0 0, L_0x563c07325a80;  1 drivers
    .scope S_0x563c0730e800;
T_0 ;
    %vpi_call 2 6 "$dumpfile", "fulladder.vcd" {0 0 0};
    %vpi_call 2 7 "$dumpvars" {0 0 0};
    %pushi/vec4 0, 0, 1;
    %store/vec4 v0x563c073252d0_0, 0, 1;
    %pushi/vec4 0, 0, 1;
    %store/vec4 v0x563c07325390_0, 0, 1;
    %pushi/vec4 0, 0, 1;
    %store/vec4 v0x563c07325560_0, 0, 1;
    %delay 10, 0;
    %pushi/vec4 0, 0, 1;
    %store/vec4 v0x563c073252d0_0, 0, 1;
    %pushi/vec4 0, 0, 1;
    %store/vec4 v0x563c07325390_0, 0, 1;
    %pushi/vec4 1, 0, 1;
    %store/vec4 v0x563c07325560_0, 0, 1;
    %delay 10, 0;
    %pushi/vec4 0, 0, 1;
    %store/vec4 v0x563c073252d0_0, 0, 1;
    %pushi/vec4 1, 0, 1;
    %store/vec4 v0x563c07325390_0, 0, 1;
    %pushi/vec4 0, 0, 1;
    %store/vec4 v0x563c07325560_0, 0, 1;
    %delay 10, 0;
    %pushi/vec4 0, 0, 1;
    %store/vec4 v0x563c073252d0_0, 0, 1;
    %pushi/vec4 1, 0, 1;
    %store/vec4 v0x563c07325390_0, 0, 1;
    %pushi/vec4 1, 0, 1;
    %store/vec4 v0x563c07325560_0, 0, 1;
    %delay 10, 0;
    %pushi/vec4 1, 0, 1;
    %store/vec4 v0x563c073252d0_0, 0, 1;
    %pushi/vec4 0, 0, 1;
    %store/vec4 v0x563c07325390_0, 0, 1;
    %pushi/vec4 0, 0, 1;
    %store/vec4 v0x563c07325560_0, 0, 1;
    %delay 10, 0;
    %pushi/vec4 1, 0, 1;
    %store/vec4 v0x563c073252d0_0, 0, 1;
    %pushi/vec4 0, 0, 1;
    %store/vec4 v0x563c07325390_0, 0, 1;
    %pushi/vec4 1, 0, 1;
    %store/vec4 v0x563c07325560_0, 0, 1;
    %delay 10, 0;
    %pushi/vec4 1, 0, 1;
    %store/vec4 v0x563c073252d0_0, 0, 1;
    %pushi/vec4 1, 0, 1;
    %store/vec4 v0x563c07325390_0, 0, 1;
    %pushi/vec4 0, 0, 1;
    %store/vec4 v0x563c07325560_0, 0, 1;
    %delay 10, 0;
    %pushi/vec4 1, 0, 1;
    %store/vec4 v0x563c073252d0_0, 0, 1;
    %pushi/vec4 1, 0, 1;
    %store/vec4 v0x563c07325390_0, 0, 1;
    %pushi/vec4 1, 0, 1;
    %store/vec4 v0x563c07325560_0, 0, 1;
    %delay 10, 0;
    %vpi_call 2 40 "$finish" {0 0 0};
    %end;
    .thread T_0;
# The file index is used to find the file name in the following table.
:file_names 4;
    "N/A";
    "<interactive>";
    "testbencha1.v";
    "fulladder.v";
