#! /usr/bin/vvp
:ivl_version "12.0 (stable)";
:ivl_delay_selection "TYPICAL";
:vpi_time_precision + 0;
:vpi_module "/usr/lib/x86_64-linux-gnu/ivl/system.vpi";
:vpi_module "/usr/lib/x86_64-linux-gnu/ivl/vhdl_sys.vpi";
:vpi_module "/usr/lib/x86_64-linux-gnu/ivl/vhdl_textio.vpi";
:vpi_module "/usr/lib/x86_64-linux-gnu/ivl/v2005_math.vpi";
:vpi_module "/usr/lib/x86_64-linux-gnu/ivl/va_math.vpi";
S_0x5efd8b744790 .scope module, "testbtog" "testbtog" 2 1;
 .timescale 0 0;
v0x5efd8b762610_0 .var "b0", 0 0;
v0x5efd8b7626d0_0 .var "b1", 0 0;
v0x5efd8b7627a0_0 .var "b2", 0 0;
v0x5efd8b7628a0_0 .var "b3", 0 0;
v0x5efd8b762970_0 .net "g0", 0 0, L_0x5efd8b762c80;  1 drivers
v0x5efd8b762a10_0 .net "g1", 0 0, L_0x5efd8b762de0;  1 drivers
v0x5efd8b762ae0_0 .net "g2", 0 0, L_0x5efd8b762ef0;  1 drivers
v0x5efd8b762bb0_0 .net "g3", 0 0, L_0x5efd8b763000;  1 drivers
S_0x5efd8b744920 .scope module, "uut" "btog" 2 4, 3 1 0, S_0x5efd8b744790;
 .timescale 0 0;
    .port_info 0 /INPUT 1 "b1";
    .port_info 1 /INPUT 1 "b2";
    .port_info 2 /INPUT 1 "b3";
    .port_info 3 /INPUT 1 "b0";
    .port_info 4 /OUTPUT 1 "g1";
    .port_info 5 /OUTPUT 1 "g2";
    .port_info 6 /OUTPUT 1 "g3";
    .port_info 7 /OUTPUT 1 "g0";
L_0x5efd8b762c80 .functor XOR 1, v0x5efd8b762610_0, v0x5efd8b7626d0_0, C4<0>, C4<0>;
L_0x5efd8b762de0 .functor XOR 1, v0x5efd8b7626d0_0, v0x5efd8b7627a0_0, C4<0>, C4<0>;
L_0x5efd8b762ef0 .functor XOR 1, v0x5efd8b7627a0_0, v0x5efd8b7628a0_0, C4<0>, C4<0>;
L_0x5efd8b763000 .functor BUF 1, v0x5efd8b7628a0_0, C4<0>, C4<0>, C4<0>;
v0x5efd8b70a560_0 .net "b0", 0 0, v0x5efd8b762610_0;  1 drivers
v0x5efd8b761f50_0 .net "b1", 0 0, v0x5efd8b7626d0_0;  1 drivers
v0x5efd8b762010_0 .net "b2", 0 0, v0x5efd8b7627a0_0;  1 drivers
v0x5efd8b7620b0_0 .net "b3", 0 0, v0x5efd8b7628a0_0;  1 drivers
v0x5efd8b762170_0 .net "g0", 0 0, L_0x5efd8b762c80;  alias, 1 drivers
v0x5efd8b762280_0 .net "g1", 0 0, L_0x5efd8b762de0;  alias, 1 drivers
v0x5efd8b762340_0 .net "g2", 0 0, L_0x5efd8b762ef0;  alias, 1 drivers
v0x5efd8b762400_0 .net "g3", 0 0, L_0x5efd8b763000;  alias, 1 drivers
    .scope S_0x5efd8b744790;
T_0 ;
    %vpi_call 2 6 "$dumpfile", "btog.vcd" {0 0 0};
    %vpi_call 2 7 "$dumpvars" {0 0 0};
    %pushi/vec4 0, 0, 1;
    %store/vec4 v0x5efd8b7628a0_0, 0, 1;
    %pushi/vec4 0, 0, 1;
    %store/vec4 v0x5efd8b7627a0_0, 0, 1;
    %pushi/vec4 0, 0, 1;
    %store/vec4 v0x5efd8b7626d0_0, 0, 1;
    %pushi/vec4 0, 0, 1;
    %store/vec4 v0x5efd8b762610_0, 0, 1;
    %delay 10, 0;
    %pushi/vec4 0, 0, 1;
    %store/vec4 v0x5efd8b7628a0_0, 0, 1;
    %pushi/vec4 0, 0, 1;
    %store/vec4 v0x5efd8b7627a0_0, 0, 1;
    %pushi/vec4 0, 0, 1;
    %store/vec4 v0x5efd8b7626d0_0, 0, 1;
    %pushi/vec4 1, 0, 1;
    %store/vec4 v0x5efd8b762610_0, 0, 1;
    %delay 10, 0;
    %pushi/vec4 0, 0, 1;
    %store/vec4 v0x5efd8b7628a0_0, 0, 1;
    %pushi/vec4 0, 0, 1;
    %store/vec4 v0x5efd8b7627a0_0, 0, 1;
    %pushi/vec4 1, 0, 1;
    %store/vec4 v0x5efd8b7626d0_0, 0, 1;
    %pushi/vec4 0, 0, 1;
    %store/vec4 v0x5efd8b762610_0, 0, 1;
    %delay 10, 0;
    %pushi/vec4 0, 0, 1;
    %store/vec4 v0x5efd8b7628a0_0, 0, 1;
    %pushi/vec4 0, 0, 1;
    %store/vec4 v0x5efd8b7627a0_0, 0, 1;
    %pushi/vec4 1, 0, 1;
    %store/vec4 v0x5efd8b7626d0_0, 0, 1;
    %pushi/vec4 1, 0, 1;
    %store/vec4 v0x5efd8b762610_0, 0, 1;
    %delay 10, 0;
    %pushi/vec4 0, 0, 1;
    %store/vec4 v0x5efd8b7628a0_0, 0, 1;
    %pushi/vec4 1, 0, 1;
    %store/vec4 v0x5efd8b7627a0_0, 0, 1;
    %pushi/vec4 0, 0, 1;
    %store/vec4 v0x5efd8b7626d0_0, 0, 1;
    %pushi/vec4 0, 0, 1;
    %store/vec4 v0x5efd8b762610_0, 0, 1;
    %delay 10, 0;
    %pushi/vec4 0, 0, 1;
    %store/vec4 v0x5efd8b7628a0_0, 0, 1;
    %pushi/vec4 1, 0, 1;
    %store/vec4 v0x5efd8b7627a0_0, 0, 1;
    %pushi/vec4 0, 0, 1;
    %store/vec4 v0x5efd8b7626d0_0, 0, 1;
    %pushi/vec4 1, 0, 1;
    %store/vec4 v0x5efd8b762610_0, 0, 1;
    %delay 10, 0;
    %pushi/vec4 0, 0, 1;
    %store/vec4 v0x5efd8b7628a0_0, 0, 1;
    %pushi/vec4 1, 0, 1;
    %store/vec4 v0x5efd8b7627a0_0, 0, 1;
    %pushi/vec4 1, 0, 1;
    %store/vec4 v0x5efd8b7626d0_0, 0, 1;
    %pushi/vec4 0, 0, 1;
    %store/vec4 v0x5efd8b762610_0, 0, 1;
    %delay 10, 0;
    %pushi/vec4 0, 0, 1;
    %store/vec4 v0x5efd8b7628a0_0, 0, 1;
    %pushi/vec4 1, 0, 1;
    %store/vec4 v0x5efd8b7627a0_0, 0, 1;
    %pushi/vec4 1, 0, 1;
    %store/vec4 v0x5efd8b7626d0_0, 0, 1;
    %pushi/vec4 1, 0, 1;
    %store/vec4 v0x5efd8b762610_0, 0, 1;
    %delay 10, 0;
    %pushi/vec4 1, 0, 1;
    %store/vec4 v0x5efd8b7628a0_0, 0, 1;
    %pushi/vec4 0, 0, 1;
    %store/vec4 v0x5efd8b7627a0_0, 0, 1;
    %pushi/vec4 0, 0, 1;
    %store/vec4 v0x5efd8b7626d0_0, 0, 1;
    %pushi/vec4 0, 0, 1;
    %store/vec4 v0x5efd8b762610_0, 0, 1;
    %delay 10, 0;
    %pushi/vec4 1, 0, 1;
    %store/vec4 v0x5efd8b7628a0_0, 0, 1;
    %pushi/vec4 0, 0, 1;
    %store/vec4 v0x5efd8b7627a0_0, 0, 1;
    %pushi/vec4 0, 0, 1;
    %store/vec4 v0x5efd8b7626d0_0, 0, 1;
    %pushi/vec4 1, 0, 1;
    %store/vec4 v0x5efd8b762610_0, 0, 1;
    %delay 10, 0;
    %pushi/vec4 1, 0, 1;
    %store/vec4 v0x5efd8b7628a0_0, 0, 1;
    %pushi/vec4 0, 0, 1;
    %store/vec4 v0x5efd8b7627a0_0, 0, 1;
    %pushi/vec4 1, 0, 1;
    %store/vec4 v0x5efd8b7626d0_0, 0, 1;
    %pushi/vec4 0, 0, 1;
    %store/vec4 v0x5efd8b762610_0, 0, 1;
    %delay 10, 0;
    %pushi/vec4 1, 0, 1;
    %store/vec4 v0x5efd8b7628a0_0, 0, 1;
    %pushi/vec4 0, 0, 1;
    %store/vec4 v0x5efd8b7627a0_0, 0, 1;
    %pushi/vec4 1, 0, 1;
    %store/vec4 v0x5efd8b7626d0_0, 0, 1;
    %pushi/vec4 1, 0, 1;
    %store/vec4 v0x5efd8b762610_0, 0, 1;
    %delay 10, 0;
    %pushi/vec4 1, 0, 1;
    %store/vec4 v0x5efd8b7628a0_0, 0, 1;
    %pushi/vec4 1, 0, 1;
    %store/vec4 v0x5efd8b7627a0_0, 0, 1;
    %pushi/vec4 0, 0, 1;
    %store/vec4 v0x5efd8b7626d0_0, 0, 1;
    %pushi/vec4 0, 0, 1;
    %store/vec4 v0x5efd8b762610_0, 0, 1;
    %delay 10, 0;
    %pushi/vec4 1, 0, 1;
    %store/vec4 v0x5efd8b7628a0_0, 0, 1;
    %pushi/vec4 1, 0, 1;
    %store/vec4 v0x5efd8b7627a0_0, 0, 1;
    %pushi/vec4 0, 0, 1;
    %store/vec4 v0x5efd8b7626d0_0, 0, 1;
    %pushi/vec4 1, 0, 1;
    %store/vec4 v0x5efd8b762610_0, 0, 1;
    %delay 10, 0;
    %pushi/vec4 1, 0, 1;
    %store/vec4 v0x5efd8b7628a0_0, 0, 1;
    %pushi/vec4 1, 0, 1;
    %store/vec4 v0x5efd8b7627a0_0, 0, 1;
    %pushi/vec4 1, 0, 1;
    %store/vec4 v0x5efd8b7626d0_0, 0, 1;
    %pushi/vec4 0, 0, 1;
    %store/vec4 v0x5efd8b762610_0, 0, 1;
    %delay 10, 0;
    %pushi/vec4 1, 0, 1;
    %store/vec4 v0x5efd8b7628a0_0, 0, 1;
    %pushi/vec4 1, 0, 1;
    %store/vec4 v0x5efd8b7627a0_0, 0, 1;
    %pushi/vec4 1, 0, 1;
    %store/vec4 v0x5efd8b7626d0_0, 0, 1;
    %pushi/vec4 1, 0, 1;
    %store/vec4 v0x5efd8b762610_0, 0, 1;
    %delay 10, 0;
    %vpi_call 2 24 "$finish" {0 0 0};
    %end;
    .thread T_0;
# The file index is used to find the file name in the following table.
:file_names 4;
    "N/A";
    "<interactive>";
    "testbtog.v";
    "btog.v";
