#! /usr/bin/vvp
:ivl_version "10.3 (stable)";
:ivl_delay_selection "TYPICAL";
:vpi_time_precision + 0;
:vpi_module "system";
:vpi_module "vhdl_sys";
:vpi_module "v2005_math";
:vpi_module "va_math";
S_0x562715c03d50 .scope module, "testbencha1" "testbencha1" 2 1;
 .timescale 0 0;
v0x562715c14310_0 .var "a", 0 0;
v0x562715c143d0_0 .var "b", 0 0;
v0x562715c144a0_0 .net "carry", 0 0, L_0x562715c147d0;  1 drivers
v0x562715c145a0_0 .net "sum", 0 0, L_0x562715c14670;  1 drivers
S_0x562715c03ed0 .scope module, "uut" "halfadder" 2 4, 3 1 0, S_0x562715c03d50;
 .timescale 0 0;
    .port_info 0 /OUTPUT 1 "sum"
    .port_info 1 /OUTPUT 1 "carry"
    .port_info 2 /INPUT 1 "a"
    .port_info 3 /INPUT 1 "b"
L_0x562715c14670 .functor XOR 1, v0x562715c14310_0, v0x562715c143d0_0, C4<0>, C4<0>;
L_0x562715c147d0 .functor AND 1, v0x562715c14310_0, v0x562715c143d0_0, C4<1>, C4<1>;
v0x562715bce030_0 .net "a", 0 0, v0x562715c14310_0;  1 drivers
v0x562715c14010_0 .net "b", 0 0, v0x562715c143d0_0;  1 drivers
v0x562715c140d0_0 .net "carry", 0 0, L_0x562715c147d0;  alias, 1 drivers
v0x562715c141a0_0 .net "sum", 0 0, L_0x562715c14670;  alias, 1 drivers
    .scope S_0x562715c03d50;
T_0 ;
    %vpi_call 2 6 "$dumpfile", "halfadder.vcd" {0 0 0};
    %vpi_call 2 7 "$dumpvars" {0 0 0};
    %pushi/vec4 0, 0, 1;
    %store/vec4 v0x562715c14310_0, 0, 1;
    %pushi/vec4 0, 0, 1;
    %store/vec4 v0x562715c143d0_0, 0, 1;
    %delay 10, 0;
    %pushi/vec4 0, 0, 1;
    %store/vec4 v0x562715c14310_0, 0, 1;
    %pushi/vec4 1, 0, 1;
    %store/vec4 v0x562715c143d0_0, 0, 1;
    %delay 10, 0;
    %pushi/vec4 1, 0, 1;
    %store/vec4 v0x562715c14310_0, 0, 1;
    %pushi/vec4 0, 0, 1;
    %store/vec4 v0x562715c143d0_0, 0, 1;
    %delay 10, 0;
    %pushi/vec4 1, 0, 1;
    %store/vec4 v0x562715c14310_0, 0, 1;
    %pushi/vec4 1, 0, 1;
    %store/vec4 v0x562715c143d0_0, 0, 1;
    %delay 10, 0;
    %vpi_call 2 20 "$finish" {0 0 0};
    %end;
    .thread T_0;
# The file index is used to find the file name in the following table.
:file_names 4;
    "N/A";
    "<interactive>";
    "testbencha1.v";
    "halfadder.v";
