#! /usr/bin/vvp
:ivl_version "10.3 (stable)";
:ivl_delay_selection "TYPICAL";
:vpi_time_precision + 0;
:vpi_module "system";
:vpi_module "vhdl_sys";
:vpi_module "v2005_math";
:vpi_module "va_math";
S_0x557f8560f820 .scope module, "testbencha1" "testbencha1" 2 1;
 .timescale 0 0;
v0x557f8561f930_0 .var "a", 0 0;
v0x557f8561fa00_0 .var "b", 0 0;
v0x557f8561fad0_0 .net "c", 0 0, L_0x557f8561fbd0;  1 drivers
S_0x557f8560f9a0 .scope module, "uut" "norgate1" 2 4, 3 1 0, S_0x557f8560f820;
 .timescale 0 0;
    .port_info 0 /OUTPUT 1 "c"
    .port_info 1 /INPUT 1 "a"
    .port_info 2 /INPUT 1 "b"
L_0x557f8561fbd0 .functor NOR 1, v0x557f8561f930_0, v0x557f8561fa00_0, C4<0>, C4<0>;
v0x557f855da080_0 .net "a", 0 0, v0x557f8561f930_0;  1 drivers
v0x557f8561f750_0 .net "b", 0 0, v0x557f8561fa00_0;  1 drivers
v0x557f8561f810_0 .net "c", 0 0, L_0x557f8561fbd0;  alias, 1 drivers
    .scope S_0x557f8560f820;
T_0 ;
    %vpi_call 2 6 "$dumpfile", "norgate1.vcd" {0 0 0};
    %vpi_call 2 7 "$dumpvars" {0 0 0};
    %pushi/vec4 0, 0, 1;
    %store/vec4 v0x557f8561f930_0, 0, 1;
    %pushi/vec4 0, 0, 1;
    %store/vec4 v0x557f8561fa00_0, 0, 1;
    %delay 10, 0;
    %pushi/vec4 0, 0, 1;
    %store/vec4 v0x557f8561f930_0, 0, 1;
    %pushi/vec4 1, 0, 1;
    %store/vec4 v0x557f8561fa00_0, 0, 1;
    %delay 10, 0;
    %pushi/vec4 1, 0, 1;
    %store/vec4 v0x557f8561f930_0, 0, 1;
    %pushi/vec4 0, 0, 1;
    %store/vec4 v0x557f8561fa00_0, 0, 1;
    %delay 10, 0;
    %pushi/vec4 1, 0, 1;
    %store/vec4 v0x557f8561f930_0, 0, 1;
    %pushi/vec4 1, 0, 1;
    %store/vec4 v0x557f8561fa00_0, 0, 1;
    %delay 10, 0;
    %vpi_call 2 20 "$finish" {0 0 0};
    %end;
    .thread T_0;
# The file index is used to find the file name in the following table.
:file_names 4;
    "N/A";
    "<interactive>";
    "testbencha1.v";
    "norgate1.v";
